# JRE version: OpenJDK Runtime Environment (15.0.2+7) (build 15.0.2+7-27)
# Java VM: OpenJDK 64-Bit Server VM (15.0.2+7-27, mixed mode, tiered, compressed oops, g1 gc, windows-amd64)
GC Precious Log:
 CPUs: 8 total, 8 available
 Memory: 8043M
 Large Page Support: Disabled
 NUMA Support: Disabled
 Compressed Oops: Enabled (32-bit)
 Heap Region Size: 1M
 Heap Min Capacity: 8M
 Heap Initial Capacity: 126M
 Heap Max Capacity: 2012M
 Pre-touch: Disabled
 Parallel Workers: 8
 Concurrent Workers: 2
 Concurrent Refinement Workers: 8
 Periodic GC: Disabled
Heap:
 garbage-first heap   total 38912K, used 12965K [0x0000000082400000, 0x0000000100000000)
  region size 1024K, 7 young (7168K), 4 survivors (4096K)
 Metaspace       used 28802K, capacity 29156K, committed 29440K, reserved 1079296K
  class space    used 3119K, capacity 3224K, committed 3328K, reserved 1048576K
GC Heap History (6 events):
Event: 1.315 GC heap before
{Heap before GC invocations=0 (full 0):
 garbage-first heap   total 129024K, used 22528K [0x0000000082400000, 0x0000000100000000)
  region size 1024K, 23 young (23552K), 0 survivors (0K)
 Metaspace       used 15972K, capacity 16232K, committed 16512K, reserved 1064960K
  class space    used 1551K, capacity 1612K, committed 1664K, reserved 1048576K
}
Event: 1.323 GC heap after
{Heap after GC invocations=1 (full 0):
 garbage-first heap   total 129024K, used 7110K [0x0000000082400000, 0x0000000100000000)
  region size 1024K, 3 young (3072K), 3 survivors (3072K)
 Metaspace       used 15972K, capacity 16232K, committed 16512K, reserved 1064960K
  class space    used 1551K, capacity 1612K, committed 1664K, reserved 1048576K
}
Event: 2.399 GC heap before
{Heap before GC invocations=1 (full 0):
 garbage-first heap   total 129024K, used 23494K [0x0000000082400000, 0x0000000100000000)
  region size 1024K, 21 young (21504K), 3 survivors (3072K)
 Metaspace       used 20956K, capacity 21159K, committed 21248K, reserved 1069056K
  class space    used 2193K, capacity 2253K, committed 2304K, reserved 1048576K
}
Event: 2.404 GC heap after
{Heap after GC invocations=2 (full 0):
 garbage-first heap   total 129024K, used 8229K [0x0000000082400000, 0x0000000100000000)
  region size 1024K, 2 young (2048K), 2 survivors (2048K)
 Metaspace       used 20956K, capacity 21159K, committed 21248K, reserved 1069056K
  class space    used 2193K, capacity 2253K, committed 2304K, reserved 1048576K
}
Event: 5.508 GC heap before
{Heap before GC invocations=3 (full 0):
 garbage-first heap   total 34816K, used 32805K [0x0000000082400000, 0x0000000100000000)
  region size 1024K, 27 young (27648K), 2 survivors (2048K)
 Metaspace       used 28217K, capacity 28534K, committed 28800K, reserved 1075200K
  class space    used 3034K, capacity 3144K, committed 3200K, reserved 1048576K
}
Event: 5.517 GC heap after
{Heap after GC invocations=4 (full 0):
 garbage-first heap   total 38912K, used 10917K [0x0000000082400000, 0x0000000100000000)
  region size 1024K, 4 young (4096K), 4 survivors (4096K)
 Metaspace       used 28217K, capacity 28534K, committed 28800K, reserved 1075200K
  class space    used 3034K, capacity 3144K, committed 3200K, reserved 1048576K
}

