<?xml version="1.0" encoding="UTF-8"?>
<!-- Generated by org.testng.reporters.JUnitXMLReporter -->
<testsuite ignored="2" hostname="LAPTOP-OP2OS5B6" failures="0" tests="2" name="Test" time="12.172" errors="0" timestamp="2024-07-04T22:39:50 IST">
  <testcase classname="scripts.TC1" name="test1" time="0.022"/>
  <testcase classname="scripts.TC2" name="test2" time="0.016"/>
  <testcase classname="generic.BaseTest" name="@BeforeSuite createReport" time="0.0">
    <ignored/>
  </testcase> <!-- @BeforeSuite createReport -->
  <testcase classname="generic.BaseTest" name="@AfterSuite publishReport" time="0.0">
    <ignored/>
  </testcase> <!-- @AfterSuite publishReport -->
</testsuite> <!-- Test -->
